<?xml version="1.0" encoding="UTF-8"?>
<testsuite name="com.promad.msi.listaplacas.ListaplacasApplicationTests" tests="1" skipped="0" failures="0" errors="0" timestamp="2020-08-07T23:29:03" hostname="DESKTOP-9B5S3HR" time="0.303">
  <properties/>
  <testcase name="contextLoads()" classname="com.promad.msi.listaplacas.ListaplacasApplicationTests" time="0.303"/>
  <system-out><![CDATA[18:28:50.052 [Test worker] DEBUG org.springframework.test.context.BootstrapUtils - Instantiating CacheAwareContextLoaderDelegate from class [org.springframework.test.context.cache.DefaultCacheAwareContextLoaderDelegate]
18:28:50.067 [Test worker] INFO org.springframework.core.KotlinDetector - Kotlin reflection implementation not found at runtime, related features won't be available.
18:28:50.071 [Test worker] DEBUG org.springframework.test.context.BootstrapUtils - Instantiating BootstrapContext using constructor [public org.springframework.test.context.support.DefaultBootstrapContext(java.lang.Class,org.springframework.test.context.CacheAwareContextLoaderDelegate)]
18:28:50.110 [Test worker] DEBUG org.springframework.test.context.BootstrapUtils - Instantiating TestContextBootstrapper for test class [com.promad.msi.listaplacas.ListaplacasApplicationTests] from class [org.springframework.boot.test.context.SpringBootTestContextBootstrapper]
18:28:50.130 [Test worker] INFO org.springframework.boot.test.context.SpringBootTestContextBootstrapper - Neither @ContextConfiguration nor @ContextHierarchy found for test class [com.promad.msi.listaplacas.ListaplacasApplicationTests], using SpringBootContextLoader
18:28:50.136 [Test worker] DEBUG org.springframework.test.context.support.AbstractContextLoader - Did not detect default resource location for test class [com.promad.msi.listaplacas.ListaplacasApplicationTests]: class path resource [com/promad/msi/listaplacas/ListaplacasApplicationTests-context.xml] does not exist
18:28:50.137 [Test worker] DEBUG org.springframework.test.context.support.AbstractContextLoader - Did not detect default resource location for test class [com.promad.msi.listaplacas.ListaplacasApplicationTests]: class path resource [com/promad/msi/listaplacas/ListaplacasApplicationTestsContext.groovy] does not exist
18:28:50.137 [Test worker] INFO org.springframework.test.context.support.AbstractContextLoader - Could not detect default resource locations for test class [com.promad.msi.listaplacas.ListaplacasApplicationTests]: no resource found for suffixes {-context.xml, Context.groovy}.
18:28:50.137 [Test worker] INFO org.springframework.test.context.support.AnnotationConfigContextLoaderUtils - Could not detect default configuration classes for test class [com.promad.msi.listaplacas.ListaplacasApplicationTests]: ListaplacasApplicationTests does not declare any static, non-private, non-final, nested classes annotated with @Configuration.
18:28:50.189 [Test worker] DEBUG org.springframework.test.context.support.ActiveProfilesUtils - Could not find an 'annotation declaring class' for annotation type [org.springframework.test.context.ActiveProfiles] and class [com.promad.msi.listaplacas.ListaplacasApplicationTests]
18:28:50.283 [Test worker] DEBUG org.springframework.context.annotation.ClassPathScanningCandidateComponentProvider - Identified candidate component class: file [C:\Users\Ariel Arriaga\Documents\PROMAD\Proyecto X\ms-lista-placas\build\classes\java\main\com\promad\msi\listaplacas\ListaplacasApplication.class]
18:28:50.285 [Test worker] INFO org.springframework.boot.test.context.SpringBootTestContextBootstrapper - Found @SpringBootConfiguration com.promad.msi.listaplacas.ListaplacasApplication for test class com.promad.msi.listaplacas.ListaplacasApplicationTests
18:28:50.426 [Test worker] DEBUG org.springframework.boot.test.context.SpringBootTestContextBootstrapper - @TestExecutionListeners is not present for class [com.promad.msi.listaplacas.ListaplacasApplicationTests]: using defaults.
18:28:50.427 [Test worker] INFO org.springframework.boot.test.context.SpringBootTestContextBootstrapper - Loaded default TestExecutionListener class names from location [META-INF/spring.factories]: [org.springframework.boot.test.autoconfigure.restdocs.RestDocsTestExecutionListener, org.springframework.boot.test.autoconfigure.web.client.MockRestServiceServerResetTestExecutionListener, org.springframework.boot.test.autoconfigure.web.servlet.MockMvcPrintOnlyOnFailureTestExecutionListener, org.springframework.boot.test.autoconfigure.web.servlet.WebDriverTestExecutionListener, org.springframework.boot.test.mock.mockito.MockitoTestExecutionListener, org.springframework.boot.test.mock.mockito.ResetMocksTestExecutionListener, org.springframework.test.context.web.ServletTestExecutionListener, org.springframework.test.context.support.DirtiesContextBeforeModesTestExecutionListener, org.springframework.test.context.support.DependencyInjectionTestExecutionListener, org.springframework.test.context.support.DirtiesContextTestExecutionListener, org.springframework.test.context.transaction.TransactionalTestExecutionListener, org.springframework.test.context.jdbc.SqlScriptsTestExecutionListener, org.springframework.test.context.event.EventPublishingTestExecutionListener]
18:28:50.440 [Test worker] DEBUG org.springframework.boot.test.context.SpringBootTestContextBootstrapper - Skipping candidate TestExecutionListener [org.springframework.test.context.transaction.TransactionalTestExecutionListener] due to a missing dependency. Specify custom listener classes or make the default listener classes and their required dependencies available. Offending class: [org/springframework/transaction/interceptor/TransactionAttributeSource]
18:28:50.441 [Test worker] DEBUG org.springframework.boot.test.context.SpringBootTestContextBootstrapper - Skipping candidate TestExecutionListener [org.springframework.test.context.jdbc.SqlScriptsTestExecutionListener] due to a missing dependency. Specify custom listener classes or make the default listener classes and their required dependencies available. Offending class: [org/springframework/transaction/interceptor/TransactionAttribute]
18:28:50.442 [Test worker] INFO org.springframework.boot.test.context.SpringBootTestContextBootstrapper - Using TestExecutionListeners: [org.springframework.test.context.web.ServletTestExecutionListener@4936a7ef, org.springframework.test.context.support.DirtiesContextBeforeModesTestExecutionListener@45a96a82, org.springframework.boot.test.mock.mockito.MockitoTestExecutionListener@71fe3910, org.springframework.boot.test.autoconfigure.SpringBootDependencyInjectionTestExecutionListener@7ae0f551, org.springframework.test.context.support.DirtiesContextTestExecutionListener@6952c3d, org.springframework.test.context.event.EventPublishingTestExecutionListener@866ab17, org.springframework.boot.test.autoconfigure.restdocs.RestDocsTestExecutionListener@8d025b2, org.springframework.boot.test.autoconfigure.web.client.MockRestServiceServerResetTestExecutionListener@75e70384, org.springframework.boot.test.autoconfigure.web.servlet.MockMvcPrintOnlyOnFailureTestExecutionListener@5abc2dc1, org.springframework.boot.test.autoconfigure.web.servlet.WebDriverTestExecutionListener@67bf0b92, org.springframework.boot.test.mock.mockito.ResetMocksTestExecutionListener@6e4b4f62]
18:28:50.448 [Test worker] DEBUG org.springframework.test.context.support.AbstractDirtiesContextTestExecutionListener - Before test class: context [DefaultTestContext@174f4877 testClass = ListaplacasApplicationTests, testInstance = [null], testMethod = [null], testException = [null], mergedContextConfiguration = [WebMergedContextConfiguration@1df28283 testClass = ListaplacasApplicationTests, locations = '{}', classes = '{class com.promad.msi.listaplacas.ListaplacasApplication}', contextInitializerClasses = '[]', activeProfiles = '{}', propertySourceLocations = '{}', propertySourceProperties = '{org.springframework.boot.test.context.SpringBootTestContextBootstrapper=true}', contextCustomizers = set[org.springframework.boot.test.autoconfigure.properties.PropertyMappingContextCustomizer@0, org.springframework.boot.test.autoconfigure.web.servlet.WebDriverContextCustomizerFactory$Customizer@619fe7a3, org.springframework.boot.test.context.filter.ExcludeFilterContextCustomizer@70d5acad, org.springframework.boot.test.json.DuplicateJsonObjectContextCustomizerFactory$DuplicateJsonObjectContextCustomizer@1d542a82, org.springframework.boot.test.mock.mockito.MockitoContextCustomizer@0, org.springframework.boot.test.web.client.TestRestTemplateContextCustomizer@7e3a0c9b, org.springframework.boot.test.web.reactive.server.WebTestClientContextCustomizer@632097f8], resourceBasePath = 'src/main/webapp', contextLoader = 'org.springframework.boot.test.context.SpringBootContextLoader', parent = [null]], attributes = map['org.springframework.test.context.web.ServletTestExecutionListener.activateListener' -> true]], class annotated with @DirtiesContext [false] with mode [null].
18:28:50.483 [Test worker] DEBUG org.springframework.test.context.support.TestPropertySourceUtils - Adding inlined properties to environment: {spring.jmx.enabled=false, org.springframework.boot.test.context.SpringBootTestContextBootstrapper=true, server.port=-1}

  .   ____          _            __ _ _
 /\\ / ___'_ __ _ _(_)_ __  __ _ \ \ \ \
( ( )\___ | '_ | '_| | '_ \/ _` | \ \ \ \
 \\/  ___)| |_)| | | | | || (_| |  ) ) ) )
  '  |____| .__|_| |_|_| |_\__, | / / / /
 =========|_|==============|___/=/_/_/_/
 :: Spring Boot ::        (v2.2.3.RELEASE)

2020-08-07 18:28:54.267  INFO 14988 --- [    Test worker] c.p.m.l.ListaplacasApplicationTests      : No active profile set, falling back to default profiles: default
2020-08-07 18:28:55.262  INFO 14988 --- [    Test worker] o.s.cloud.context.scope.GenericScope     : BeanFactory id=44817b1c-391b-3bde-9b46-41f3ed281cd9
2020-08-07 18:28:55.616  INFO 14988 --- [    Test worker] trationDelegate$BeanPostProcessorChecker : Bean 'com.promad.msi.listaplacas.cliente.EventoPlaca' of type [org.springframework.cloud.openfeign.FeignClientFactoryBean] is not eligible for getting processed by all BeanPostProcessors (for example: not eligible for auto-proxying)
2020-08-07 18:28:55.617  INFO 14988 --- [    Test worker] trationDelegate$BeanPostProcessorChecker : Bean 'com.promad.msi.listaplacas.cliente.ListaPlacas' of type [org.springframework.cloud.openfeign.FeignClientFactoryBean] is not eligible for getting processed by all BeanPostProcessors (for example: not eligible for auto-proxying)
2020-08-07 18:28:55.715  INFO 14988 --- [    Test worker] trationDelegate$BeanPostProcessorChecker : Bean 'org.springframework.cloud.client.loadbalancer.reactive.LoadBalancerBeanPostProcessorAutoConfiguration' of type [org.springframework.cloud.client.loadbalancer.reactive.LoadBalancerBeanPostProcessorAutoConfiguration] is not eligible for getting processed by all BeanPostProcessors (for example: not eligible for auto-proxying)
2020-08-07 18:28:55.719  INFO 14988 --- [    Test worker] trationDelegate$BeanPostProcessorChecker : Bean 'org.springframework.cloud.client.loadbalancer.reactive.LoadBalancerBeanPostProcessorAutoConfiguration$ReactiveLoadBalancerConfig' of type [org.springframework.cloud.client.loadbalancer.reactive.LoadBalancerBeanPostProcessorAutoConfiguration$ReactiveLoadBalancerConfig] is not eligible for getting processed by all BeanPostProcessors (for example: not eligible for auto-proxying)
2020-08-07 18:28:55.728  INFO 14988 --- [    Test worker] trationDelegate$BeanPostProcessorChecker : Bean 'deferringLoadBalancerExchangeFilterFunction' of type [org.springframework.cloud.client.loadbalancer.reactive.DeferringLoadBalancerExchangeFilterFunction] is not eligible for getting processed by all BeanPostProcessors (for example: not eligible for auto-proxying)
2020-08-07 18:28:57.528  WARN 14988 --- [    Test worker] o.s.c.n.a.ArchaiusAutoConfiguration      : No spring.application.name found, defaulting to 'application'
2020-08-07 18:28:57.533  WARN 14988 --- [    Test worker] c.n.c.sources.URLConfigurationSource     : No URLs will be polled as dynamic configuration sources.
2020-08-07 18:28:57.533  INFO 14988 --- [    Test worker] c.n.c.sources.URLConfigurationSource     : To enable URLs as dynamic configuration sources, define System property archaius.configurationSource.additionalUrls or make config.properties available on classpath.
2020-08-07 18:28:57.544  WARN 14988 --- [    Test worker] c.n.c.sources.URLConfigurationSource     : No URLs will be polled as dynamic configuration sources.
2020-08-07 18:28:57.545  INFO 14988 --- [    Test worker] c.n.c.sources.URLConfigurationSource     : To enable URLs as dynamic configuration sources, define System property archaius.configurationSource.additionalUrls or make config.properties available on classpath.
2020-08-07 18:28:57.876  INFO 14988 --- [    Test worker] o.s.s.concurrent.ThreadPoolTaskExecutor  : Initializing ExecutorService 'applicationTaskExecutor'
2020-08-07 18:28:59.832  INFO 14988 --- [    Test worker] o.s.cloud.commons.util.InetUtils         : Cannot determine local hostname
2020-08-07 18:29:01.442  INFO 14988 --- [    Test worker] o.s.cloud.commons.util.InetUtils         : Cannot determine local hostname
2020-08-07 18:29:02.999  INFO 14988 --- [    Test worker] o.s.cloud.commons.util.InetUtils         : Cannot determine local hostname
2020-08-07 18:29:03.333  INFO 14988 --- [    Test worker] d.s.w.p.DocumentationPluginsBootstrapper : Context refreshed
2020-08-07 18:29:03.374  INFO 14988 --- [    Test worker] d.s.w.p.DocumentationPluginsBootstrapper : Found 1 custom documentation plugin(s)
2020-08-07 18:29:03.398  INFO 14988 --- [    Test worker] s.d.s.w.s.ApiListingReferenceScanner     : Scanning for api listing references
2020-08-07 18:29:03.706  INFO 14988 --- [    Test worker] c.p.m.l.ListaplacasApplicationTests      : Started ListaplacasApplicationTests in 13.211 seconds (JVM running for 14.985)
]]></system-out>
  <system-err><![CDATA[]]></system-err>
</testsuite>
