<?xml version="1.0" encoding="UTF-8"?>
<testsuite name="com.promad.msi.listaplacas.ListaplacasApplicationTests" tests="1" skipped="0" failures="0" errors="0" timestamp="2020-08-31T14:39:04" hostname="DESKTOP-9B5S3HR" time="0.244">
  <properties/>
  <testcase name="contextLoads()" classname="com.promad.msi.listaplacas.ListaplacasApplicationTests" time="0.244"/>
  <system-out><![CDATA[09:38:50.071 [Test worker] DEBUG org.springframework.test.context.BootstrapUtils - Instantiating CacheAwareContextLoaderDelegate from class [org.springframework.test.context.cache.DefaultCacheAwareContextLoaderDelegate]
09:38:50.084 [Test worker] INFO org.springframework.core.KotlinDetector - Kotlin reflection implementation not found at runtime, related features won't be available.
09:38:50.089 [Test worker] DEBUG org.springframework.test.context.BootstrapUtils - Instantiating BootstrapContext using constructor [public org.springframework.test.context.support.DefaultBootstrapContext(java.lang.Class,org.springframework.test.context.CacheAwareContextLoaderDelegate)]
09:38:50.134 [Test worker] DEBUG org.springframework.test.context.BootstrapUtils - Instantiating TestContextBootstrapper for test class [com.promad.msi.listaplacas.ListaplacasApplicationTests] from class [org.springframework.boot.test.context.SpringBootTestContextBootstrapper]
09:38:50.152 [Test worker] INFO org.springframework.boot.test.context.SpringBootTestContextBootstrapper - Neither @ContextConfiguration nor @ContextHierarchy found for test class [com.promad.msi.listaplacas.ListaplacasApplicationTests], using SpringBootContextLoader
09:38:50.156 [Test worker] DEBUG org.springframework.test.context.support.AbstractContextLoader - Did not detect default resource location for test class [com.promad.msi.listaplacas.ListaplacasApplicationTests]: class path resource [com/promad/msi/listaplacas/ListaplacasApplicationTests-context.xml] does not exist
09:38:50.157 [Test worker] DEBUG org.springframework.test.context.support.AbstractContextLoader - Did not detect default resource location for test class [com.promad.msi.listaplacas.ListaplacasApplicationTests]: class path resource [com/promad/msi/listaplacas/ListaplacasApplicationTestsContext.groovy] does not exist
09:38:50.157 [Test worker] INFO org.springframework.test.context.support.AbstractContextLoader - Could not detect default resource locations for test class [com.promad.msi.listaplacas.ListaplacasApplicationTests]: no resource found for suffixes {-context.xml, Context.groovy}.
09:38:50.158 [Test worker] INFO org.springframework.test.context.support.AnnotationConfigContextLoaderUtils - Could not detect default configuration classes for test class [com.promad.msi.listaplacas.ListaplacasApplicationTests]: ListaplacasApplicationTests does not declare any static, non-private, non-final, nested classes annotated with @Configuration.
09:38:50.203 [Test worker] DEBUG org.springframework.test.context.support.ActiveProfilesUtils - Could not find an 'annotation declaring class' for annotation type [org.springframework.test.context.ActiveProfiles] and class [com.promad.msi.listaplacas.ListaplacasApplicationTests]
09:38:50.298 [Test worker] DEBUG org.springframework.context.annotation.ClassPathScanningCandidateComponentProvider - Identified candidate component class: file [C:\Users\Ariel Arriaga\Documents\PROMAD\Proyecto X\ms-lista-placas\build\classes\java\main\com\promad\msi\listaplacas\ListaplacasApplication.class]
09:38:50.300 [Test worker] INFO org.springframework.boot.test.context.SpringBootTestContextBootstrapper - Found @SpringBootConfiguration com.promad.msi.listaplacas.ListaplacasApplication for test class com.promad.msi.listaplacas.ListaplacasApplicationTests
09:38:50.415 [Test worker] DEBUG org.springframework.boot.test.context.SpringBootTestContextBootstrapper - @TestExecutionListeners is not present for class [com.promad.msi.listaplacas.ListaplacasApplicationTests]: using defaults.
09:38:50.416 [Test worker] INFO org.springframework.boot.test.context.SpringBootTestContextBootstrapper - Loaded default TestExecutionListener class names from location [META-INF/spring.factories]: [org.springframework.test.context.web.ServletTestExecutionListener, org.springframework.test.context.support.DirtiesContextBeforeModesTestExecutionListener, org.springframework.test.context.support.DependencyInjectionTestExecutionListener, org.springframework.test.context.support.DirtiesContextTestExecutionListener, org.springframework.test.context.transaction.TransactionalTestExecutionListener, org.springframework.test.context.jdbc.SqlScriptsTestExecutionListener, org.springframework.test.context.event.EventPublishingTestExecutionListener, org.springframework.boot.test.autoconfigure.restdocs.RestDocsTestExecutionListener, org.springframework.boot.test.autoconfigure.web.client.MockRestServiceServerResetTestExecutionListener, org.springframework.boot.test.autoconfigure.web.servlet.MockMvcPrintOnlyOnFailureTestExecutionListener, org.springframework.boot.test.autoconfigure.web.servlet.WebDriverTestExecutionListener, org.springframework.boot.test.mock.mockito.MockitoTestExecutionListener, org.springframework.boot.test.mock.mockito.ResetMocksTestExecutionListener]
09:38:50.428 [Test worker] DEBUG org.springframework.boot.test.context.SpringBootTestContextBootstrapper - Skipping candidate TestExecutionListener [org.springframework.test.context.transaction.TransactionalTestExecutionListener] due to a missing dependency. Specify custom listener classes or make the default listener classes and their required dependencies available. Offending class: [org/springframework/transaction/interceptor/TransactionAttributeSource]
09:38:50.429 [Test worker] DEBUG org.springframework.boot.test.context.SpringBootTestContextBootstrapper - Skipping candidate TestExecutionListener [org.springframework.test.context.jdbc.SqlScriptsTestExecutionListener] due to a missing dependency. Specify custom listener classes or make the default listener classes and their required dependencies available. Offending class: [org/springframework/transaction/interceptor/TransactionAttribute]
09:38:50.431 [Test worker] INFO org.springframework.boot.test.context.SpringBootTestContextBootstrapper - Using TestExecutionListeners: [org.springframework.test.context.web.ServletTestExecutionListener@1884eb2b, org.springframework.test.context.support.DirtiesContextBeforeModesTestExecutionListener@116b8422, org.springframework.boot.test.mock.mockito.MockitoTestExecutionListener@2f400d1b, org.springframework.boot.test.autoconfigure.SpringBootDependencyInjectionTestExecutionListener@72b0acea, org.springframework.test.context.support.DirtiesContextTestExecutionListener@4dd2dc24, org.springframework.test.context.event.EventPublishingTestExecutionListener@550b28, org.springframework.boot.test.autoconfigure.restdocs.RestDocsTestExecutionListener@2fd2e6ec, org.springframework.boot.test.autoconfigure.web.client.MockRestServiceServerResetTestExecutionListener@5872c800, org.springframework.boot.test.autoconfigure.web.servlet.MockMvcPrintOnlyOnFailureTestExecutionListener@39a0cd6, org.springframework.boot.test.autoconfigure.web.servlet.WebDriverTestExecutionListener@2bbe5bc6, org.springframework.boot.test.mock.mockito.ResetMocksTestExecutionListener@13e32ddb]
09:38:50.436 [Test worker] DEBUG org.springframework.test.context.support.AbstractDirtiesContextTestExecutionListener - Before test class: context [DefaultTestContext@58319cb9 testClass = ListaplacasApplicationTests, testInstance = [null], testMethod = [null], testException = [null], mergedContextConfiguration = [WebMergedContextConfiguration@2891af8e testClass = ListaplacasApplicationTests, locations = '{}', classes = '{class com.promad.msi.listaplacas.ListaplacasApplication}', contextInitializerClasses = '[]', activeProfiles = '{}', propertySourceLocations = '{}', propertySourceProperties = '{org.springframework.boot.test.context.SpringBootTestContextBootstrapper=true}', contextCustomizers = set[org.springframework.boot.test.autoconfigure.properties.PropertyMappingContextCustomizer@0, org.springframework.boot.test.autoconfigure.web.servlet.WebDriverContextCustomizerFactory$Customizer@8b6f750, org.springframework.boot.test.context.filter.ExcludeFilterContextCustomizer@10ce62ac, org.springframework.boot.test.json.DuplicateJsonObjectContextCustomizerFactory$DuplicateJsonObjectContextCustomizer@630b39ca, org.springframework.boot.test.mock.mockito.MockitoContextCustomizer@0, org.springframework.boot.test.web.client.TestRestTemplateContextCustomizer@632097f8, org.springframework.boot.test.web.reactive.server.WebTestClientContextCustomizer@1d2e1d88], resourceBasePath = 'src/main/webapp', contextLoader = 'org.springframework.boot.test.context.SpringBootContextLoader', parent = [null]], attributes = map['org.springframework.test.context.web.ServletTestExecutionListener.activateListener' -> true]], class annotated with @DirtiesContext [false] with mode [null].
09:38:50.479 [Test worker] DEBUG org.springframework.test.context.support.TestPropertySourceUtils - Adding inlined properties to environment: {spring.jmx.enabled=false, org.springframework.boot.test.context.SpringBootTestContextBootstrapper=true, server.port=-1}

  .   ____          _            __ _ _
 /\\ / ___'_ __ _ _(_)_ __  __ _ \ \ \ \
( ( )\___ | '_ | '_| | '_ \/ _` | \ \ \ \
 \\/  ___)| |_)| | | | | || (_| |  ) ) ) )
  '  |____| .__|_| |_|_| |_\__, | / / / /
 =========|_|==============|___/=/_/_/_/
 :: Spring Boot ::        (v2.2.3.RELEASE)

2020-08-31 09:38:54.321  INFO 11636 --- [    Test worker] c.p.m.l.ListaplacasApplicationTests      : No active profile set, falling back to default profiles: default
2020-08-31 09:38:55.765  INFO 11636 --- [    Test worker] o.s.cloud.context.scope.GenericScope     : BeanFactory id=7ec0ff31-9cb6-3104-8dd3-f6a719393fc6
2020-08-31 09:38:56.026  INFO 11636 --- [    Test worker] trationDelegate$BeanPostProcessorChecker : Bean 'com.promad.msi.listaplacas.cliente.EventoPlaca' of type [org.springframework.cloud.openfeign.FeignClientFactoryBean] is not eligible for getting processed by all BeanPostProcessors (for example: not eligible for auto-proxying)
2020-08-31 09:38:56.028  INFO 11636 --- [    Test worker] trationDelegate$BeanPostProcessorChecker : Bean 'com.promad.msi.listaplacas.cliente.ListaPlacas' of type [org.springframework.cloud.openfeign.FeignClientFactoryBean] is not eligible for getting processed by all BeanPostProcessors (for example: not eligible for auto-proxying)
2020-08-31 09:38:56.132  INFO 11636 --- [    Test worker] trationDelegate$BeanPostProcessorChecker : Bean 'default.com.promad.msi.listaplacas.ListaplacasApplication.FeignClientSpecification' of type [org.springframework.cloud.openfeign.FeignClientSpecification] is not eligible for getting processed by all BeanPostProcessors (for example: not eligible for auto-proxying)
2020-08-31 09:38:56.134  INFO 11636 --- [    Test worker] trationDelegate$BeanPostProcessorChecker : Bean 'eventoPlaca.FeignClientSpecification' of type [org.springframework.cloud.openfeign.FeignClientSpecification] is not eligible for getting processed by all BeanPostProcessors (for example: not eligible for auto-proxying)
2020-08-31 09:38:56.136  INFO 11636 --- [    Test worker] trationDelegate$BeanPostProcessorChecker : Bean 'listaPlacas.FeignClientSpecification' of type [org.springframework.cloud.openfeign.FeignClientSpecification] is not eligible for getting processed by all BeanPostProcessors (for example: not eligible for auto-proxying)
2020-08-31 09:38:56.137  INFO 11636 --- [    Test worker] trationDelegate$BeanPostProcessorChecker : Bean 'org.springframework.cloud.openfeign.FeignAutoConfiguration' of type [org.springframework.cloud.openfeign.FeignAutoConfiguration] is not eligible for getting processed by all BeanPostProcessors (for example: not eligible for auto-proxying)
2020-08-31 09:38:56.143  INFO 11636 --- [    Test worker] trationDelegate$BeanPostProcessorChecker : Bean 'feignContext' of type [org.springframework.cloud.openfeign.FeignContext] is not eligible for getting processed by all BeanPostProcessors (for example: not eligible for auto-proxying)
2020-08-31 09:38:56.253  INFO 11636 --- [    Test worker] trationDelegate$BeanPostProcessorChecker : Bean 'feign.client-org.springframework.cloud.openfeign.FeignClientProperties' of type [org.springframework.cloud.openfeign.FeignClientProperties] is not eligible for getting processed by all BeanPostProcessors (for example: not eligible for auto-proxying)
2020-08-31 09:38:56.264  INFO 11636 --- [    Test worker] trationDelegate$BeanPostProcessorChecker : Bean 'listaplacasApplication' of type [com.promad.msi.listaplacas.ListaplacasApplication$$EnhancerBySpringCGLIB$$dc2b8d57] is not eligible for getting processed by all BeanPostProcessors (for example: not eligible for auto-proxying)
2020-08-31 09:38:56.270  INFO 11636 --- [    Test worker] trationDelegate$BeanPostProcessorChecker : Bean 'feignLoggerLevel' of type [feign.Logger$Level] is not eligible for getting processed by all BeanPostProcessors (for example: not eligible for auto-proxying)
2020-08-31 09:38:56.277  INFO 11636 --- [    Test worker] trationDelegate$BeanPostProcessorChecker : Bean 'org.springframework.cloud.openfeign.ribbon.FeignRibbonClientAutoConfiguration' of type [org.springframework.cloud.openfeign.ribbon.FeignRibbonClientAutoConfiguration] is not eligible for getting processed by all BeanPostProcessors (for example: not eligible for auto-proxying)
2020-08-31 09:38:56.282  INFO 11636 --- [    Test worker] trationDelegate$BeanPostProcessorChecker : Bean 'feignRequestOptions' of type [feign.Request$Options] is not eligible for getting processed by all BeanPostProcessors (for example: not eligible for auto-proxying)
2020-08-31 09:38:56.291  INFO 11636 --- [    Test worker] trationDelegate$BeanPostProcessorChecker : Bean 'feignClient' of type [feign.Client$Default] is not eligible for getting processed by all BeanPostProcessors (for example: not eligible for auto-proxying)
2020-08-31 09:38:56.298  INFO 11636 --- [    Test worker] trationDelegate$BeanPostProcessorChecker : Bean 'org.springframework.cloud.openfeign.FeignAutoConfiguration$HystrixFeignTargeterConfiguration' of type [org.springframework.cloud.openfeign.FeignAutoConfiguration$HystrixFeignTargeterConfiguration] is not eligible for getting processed by all BeanPostProcessors (for example: not eligible for auto-proxying)
2020-08-31 09:38:56.302  INFO 11636 --- [    Test worker] trationDelegate$BeanPostProcessorChecker : Bean 'feignTargeter' of type [org.springframework.cloud.openfeign.HystrixTargeter] is not eligible for getting processed by all BeanPostProcessors (for example: not eligible for auto-proxying)
2020-08-31 09:38:56.325  INFO 11636 --- [    Test worker] trationDelegate$BeanPostProcessorChecker : Bean 'com.promad.msi.listaplacas.cliente.ListaPlacas' of type [com.sun.proxy.$Proxy125] is not eligible for getting processed by all BeanPostProcessors (for example: not eligible for auto-proxying)
2020-08-31 09:38:56.326  INFO 11636 --- [    Test worker] trationDelegate$BeanPostProcessorChecker : Bean 'placaRegisterRetryListener' of type [com.promad.msi.listaplacas.errorhandling.PlacaRegisterRetryListener] is not eligible for getting processed by all BeanPostProcessors (for example: not eligible for auto-proxying)
2020-08-31 09:38:56.337  INFO 11636 --- [    Test worker] trationDelegate$BeanPostProcessorChecker : Bean 'org.springframework.retry.annotation.RetryConfiguration' of type [org.springframework.retry.annotation.RetryConfiguration$$EnhancerBySpringCGLIB$$2a994ff6] is not eligible for getting processed by all BeanPostProcessors (for example: not eligible for auto-proxying)
2020-08-31 09:38:56.364  INFO 11636 --- [    Test worker] trationDelegate$BeanPostProcessorChecker : Bean 'org.springframework.cloud.client.loadbalancer.reactive.LoadBalancerBeanPostProcessorAutoConfiguration' of type [org.springframework.cloud.client.loadbalancer.reactive.LoadBalancerBeanPostProcessorAutoConfiguration] is not eligible for getting processed by all BeanPostProcessors (for example: not eligible for auto-proxying)
2020-08-31 09:38:56.367  INFO 11636 --- [    Test worker] trationDelegate$BeanPostProcessorChecker : Bean 'org.springframework.cloud.client.loadbalancer.reactive.LoadBalancerBeanPostProcessorAutoConfiguration$ReactiveLoadBalancerConfig' of type [org.springframework.cloud.client.loadbalancer.reactive.LoadBalancerBeanPostProcessorAutoConfiguration$ReactiveLoadBalancerConfig] is not eligible for getting processed by all BeanPostProcessors (for example: not eligible for auto-proxying)
2020-08-31 09:38:56.372  INFO 11636 --- [    Test worker] trationDelegate$BeanPostProcessorChecker : Bean 'deferringLoadBalancerExchangeFilterFunction' of type [org.springframework.cloud.client.loadbalancer.reactive.DeferringLoadBalancerExchangeFilterFunction] is not eligible for getting processed by all BeanPostProcessors (for example: not eligible for auto-proxying)
2020-08-31 09:38:59.688  INFO 11636 --- [    Test worker] o.s.cloud.commons.util.InetUtils         : Cannot determine local hostname
2020-08-31 09:38:59.787  INFO 11636 --- [    Test worker] o.s.b.a.e.web.EndpointLinksResolver      : Exposing 2 endpoint(s) beneath base path '/actuator'
2020-08-31 09:39:00.167  WARN 11636 --- [    Test worker] o.s.c.n.a.ArchaiusAutoConfiguration      : No spring.application.name found, defaulting to 'application'
2020-08-31 09:39:00.174  WARN 11636 --- [    Test worker] c.n.c.sources.URLConfigurationSource     : No URLs will be polled as dynamic configuration sources.
2020-08-31 09:39:00.174  INFO 11636 --- [    Test worker] c.n.c.sources.URLConfigurationSource     : To enable URLs as dynamic configuration sources, define System property archaius.configurationSource.additionalUrls or make config.properties available on classpath.
2020-08-31 09:39:00.184  WARN 11636 --- [    Test worker] c.n.c.sources.URLConfigurationSource     : No URLs will be polled as dynamic configuration sources.
2020-08-31 09:39:00.185  INFO 11636 --- [    Test worker] c.n.c.sources.URLConfigurationSource     : To enable URLs as dynamic configuration sources, define System property archaius.configurationSource.additionalUrls or make config.properties available on classpath.
2020-08-31 09:39:00.516  INFO 11636 --- [    Test worker] o.s.s.concurrent.ThreadPoolTaskExecutor  : Initializing ExecutorService 'applicationTaskExecutor'
2020-08-31 09:39:02.649  INFO 11636 --- [    Test worker] o.s.cloud.commons.util.InetUtils         : Cannot determine local hostname
2020-08-31 09:39:04.320  INFO 11636 --- [    Test worker] o.s.cloud.commons.util.InetUtils         : Cannot determine local hostname
2020-08-31 09:39:04.572  INFO 11636 --- [    Test worker] d.s.w.p.DocumentationPluginsBootstrapper : Context refreshed
2020-08-31 09:39:04.601  INFO 11636 --- [    Test worker] d.s.w.p.DocumentationPluginsBootstrapper : Found 1 custom documentation plugin(s)
2020-08-31 09:39:04.618  INFO 11636 --- [    Test worker] s.d.s.w.s.ApiListingReferenceScanner     : Scanning for api listing references
2020-08-31 09:39:04.787  INFO 11636 --- [    Test worker] .d.s.w.r.o.CachingOperationNameGenerator : Generating unique operation named: creaEventoUsingPOST_1
2020-08-31 09:39:04.832  INFO 11636 --- [    Test worker] c.p.m.l.ListaplacasApplicationTests      : Started ListaplacasApplicationTests in 14.341 seconds (JVM running for 16.071)
]]></system-out>
  <system-err><![CDATA[]]></system-err>
</testsuite>
